
*** Running vivado
    with args -log main.vds -m64 -product Vivado -mode batch -messageDb vivado.pb -notrace -source main.tcl



****** Vivado v2021.2 (64-bit)
  **** SW Build 3367213 on Tue Oct 19 02:48:09 MDT 2021
  **** IP Build 3369179 on Thu Oct 21 08:25:16 MDT 2021
    ** Copyright 1986-2021 Xilinx, Inc. All Rights Reserved.

source main.tcl -notrace
Command: read_checkpoint -auto_incremental -incremental C:/Users/USER/Desktop/junior2/LOGICDESIGNEXP/lab6/lab6_re/lab6_re.srcs/utils_1/imports/synth_1/clkDivider.dcp
INFO: [Vivado 12-5825] Read reference checkpoint from C:/Users/USER/Desktop/junior2/LOGICDESIGNEXP/lab6/lab6_re/lab6_re.srcs/utils_1/imports/synth_1/clkDivider.dcp for incremental synthesis
INFO: [Vivado 12-7989] Please ensure there are no constraint changes
Command: synth_design -top main -part xc7a35tcpg236-1
Starting synth_design
Attempting to get a license for feature 'Synthesis' and/or device 'xc7a35t'
INFO: [Common 17-349] Got license for feature 'Synthesis' and/or device 'xc7a35t'
INFO: [Device 21-403] Loading part xc7a35tcpg236-1
WARNING: [Designutils 20-4072] Reference run did not run incremental synthesis because the design is too small; reverting to default synthesis
INFO: [Designutils 20-4379] Flow is switching to default flow due to incremental criteria not met. If you would like to alter this behaviour and have the flow terminate instead, please set the following parameter config_implementation {autoIncr.Synth.RejectBehavior Terminate}
INFO: [Synth 8-7079] Multithreading enabled for synth_design using a maximum of 2 processes.
INFO: [Synth 8-7078] Launching helper process for spawning children vivado processes
INFO: [Synth 8-7075] Helper process launched with PID 14668
---------------------------------------------------------------------------------
Starting RTL Elaboration : Time (s): cpu = 00:00:07 ; elapsed = 00:00:07 . Memory (MB): peak = 1261.656 ; gain = 0.000
---------------------------------------------------------------------------------
INFO: [Synth 8-6157] synthesizing module 'main' [C:/Users/USER/Desktop/junior2/LOGICDESIGNEXP/lab6/lab6_re/lab6_re.srcs/sources_1/new/main.v:33]
INFO: [Synth 8-6157] synthesizing module 'debounce' [C:/Users/USER/Desktop/junior2/LOGICDESIGNEXP/lab6/lab6_re/lab6_re.srcs/sources_1/new/debounce.v:3]
INFO: [Synth 8-6155] done synthesizing module 'debounce' (1#1) [C:/Users/USER/Desktop/junior2/LOGICDESIGNEXP/lab6/lab6_re/lab6_re.srcs/sources_1/new/debounce.v:3]
INFO: [Synth 8-6157] synthesizing module 'onePulse' [C:/Users/USER/Desktop/junior2/LOGICDESIGNEXP/lab6/lab6_re/lab6_re.srcs/sources_1/new/onePulse.v:3]
INFO: [Synth 8-6155] done synthesizing module 'onePulse' (2#1) [C:/Users/USER/Desktop/junior2/LOGICDESIGNEXP/lab6/lab6_re/lab6_re.srcs/sources_1/new/onePulse.v:3]
INFO: [Synth 8-6157] synthesizing module 'watch' [C:/Users/USER/Desktop/junior2/LOGICDESIGNEXP/lab6/lab6_re/lab6_re.srcs/sources_1/new/watch.v:32]
INFO: [Synth 8-6157] synthesizing module 'ALU4bit' [C:/Users/USER/Desktop/junior2/LOGICDESIGNEXP/lab6/lab6_re/lab6_re.srcs/sources_1/new/ALU4ibt.v:7]
INFO: [Synth 8-6157] synthesizing module 'FullAdder' [C:/Users/USER/Desktop/junior2/LOGICDESIGNEXP/lab6/lab6_re/lab6_re.srcs/sources_1/new/ALU4ibt.v:52]
INFO: [Synth 8-6155] done synthesizing module 'FullAdder' (3#1) [C:/Users/USER/Desktop/junior2/LOGICDESIGNEXP/lab6/lab6_re/lab6_re.srcs/sources_1/new/ALU4ibt.v:52]
INFO: [Synth 8-6155] done synthesizing module 'ALU4bit' (4#1) [C:/Users/USER/Desktop/junior2/LOGICDESIGNEXP/lab6/lab6_re/lab6_re.srcs/sources_1/new/ALU4ibt.v:7]
INFO: [Synth 8-6155] done synthesizing module 'watch' (5#1) [C:/Users/USER/Desktop/junior2/LOGICDESIGNEXP/lab6/lab6_re/lab6_re.srcs/sources_1/new/watch.v:32]
INFO: [Synth 8-6157] synthesizing module 'stopwatch' [C:/Users/USER/Desktop/junior2/LOGICDESIGNEXP/lab6/lab6_re/lab6_re.srcs/sources_1/new/stopwatch.v:31]
INFO: [Synth 8-6155] done synthesizing module 'stopwatch' (6#1) [C:/Users/USER/Desktop/junior2/LOGICDESIGNEXP/lab6/lab6_re/lab6_re.srcs/sources_1/new/stopwatch.v:31]
INFO: [Synth 8-6157] synthesizing module 'alarm' [C:/Users/USER/Desktop/junior2/LOGICDESIGNEXP/lab6/lab6_re/lab6_re.srcs/sources_1/new/alarm.v:31]
INFO: [Synth 8-6155] done synthesizing module 'alarm' (7#1) [C:/Users/USER/Desktop/junior2/LOGICDESIGNEXP/lab6/lab6_re/lab6_re.srcs/sources_1/new/alarm.v:31]
INFO: [Synth 8-6157] synthesizing module 'clkDivider' [C:/Users/USER/Desktop/junior2/LOGICDESIGNEXP/lab6/lab6_re/lab6_re.srcs/sources_1/new/clk.v:9]
	Parameter divbit bound to: 21 - type: integer 
INFO: [Synth 8-6155] done synthesizing module 'clkDivider' (8#1) [C:/Users/USER/Desktop/junior2/LOGICDESIGNEXP/lab6/lab6_re/lab6_re.srcs/sources_1/new/clk.v:9]
INFO: [Synth 8-6157] synthesizing module 'sevenSegment' [C:/Users/USER/Desktop/junior2/LOGICDESIGNEXP/lab6/lab6_re/lab6_re.srcs/sources_1/new/sevenseg.v:12]
INFO: [Synth 8-6155] done synthesizing module 'sevenSegment' (9#1) [C:/Users/USER/Desktop/junior2/LOGICDESIGNEXP/lab6/lab6_re/lab6_re.srcs/sources_1/new/sevenseg.v:12]
INFO: [Synth 8-6155] done synthesizing module 'main' (10#1) [C:/Users/USER/Desktop/junior2/LOGICDESIGNEXP/lab6/lab6_re/lab6_re.srcs/sources_1/new/main.v:33]
---------------------------------------------------------------------------------
Finished RTL Elaboration : Time (s): cpu = 00:00:09 ; elapsed = 00:00:09 . Memory (MB): peak = 1261.656 ; gain = 0.000
---------------------------------------------------------------------------------
---------------------------------------------------------------------------------
Start Handling Custom Attributes
---------------------------------------------------------------------------------
---------------------------------------------------------------------------------
Finished Handling Custom Attributes : Time (s): cpu = 00:00:10 ; elapsed = 00:00:10 . Memory (MB): peak = 1261.656 ; gain = 0.000
---------------------------------------------------------------------------------
---------------------------------------------------------------------------------
Finished RTL Optimization Phase 1 : Time (s): cpu = 00:00:10 ; elapsed = 00:00:10 . Memory (MB): peak = 1261.656 ; gain = 0.000
---------------------------------------------------------------------------------
Netlist sorting complete. Time (s): cpu = 00:00:00 ; elapsed = 00:00:00.016 . Memory (MB): peak = 1261.656 ; gain = 0.000
INFO: [Project 1-570] Preparing netlist for logic optimization

Processing XDC Constraints
Initializing timing engine
Parsing XDC File [C:/Users/USER/Desktop/junior2/LOGICDESIGNEXP/lab6/lab6_re/lab6_re.srcs/constrs_1/new/lab6_re.xdc]
Finished Parsing XDC File [C:/Users/USER/Desktop/junior2/LOGICDESIGNEXP/lab6/lab6_re/lab6_re.srcs/constrs_1/new/lab6_re.xdc]
INFO: [Project 1-236] Implementation specific constraints were found while reading constraint file [C:/Users/USER/Desktop/junior2/LOGICDESIGNEXP/lab6/lab6_re/lab6_re.srcs/constrs_1/new/lab6_re.xdc]. These constraints will be ignored for synthesis but will be used in implementation. Impacted constraints are listed in the file [.Xil/main_propImpl.xdc].
Resolution: To avoid this warning, move constraints listed in [.Xil/main_propImpl.xdc] to another XDC file and exclude this new file from synthesis with the used_in_synthesis property (File Properties dialog in GUI) and re-run elaboration/synthesis.
Completed Processing XDC Constraints

Netlist sorting complete. Time (s): cpu = 00:00:00 ; elapsed = 00:00:00.001 . Memory (MB): peak = 1261.656 ; gain = 0.000
INFO: [Project 1-111] Unisim Transformation Summary:
No Unisim elements were transformed.

Constraint Validation Runtime : Time (s): cpu = 00:00:00 ; elapsed = 00:00:00.006 . Memory (MB): peak = 1261.656 ; gain = 0.000
WARNING: [Designutils 20-4072] Reference run did not run incremental synthesis because the design is too small; reverting to default synthesis
INFO: [Designutils 20-4379] Flow is switching to default flow due to incremental criteria not met. If you would like to alter this behaviour and have the flow terminate instead, please set the following parameter config_implementation {autoIncr.Synth.RejectBehavior Terminate}
---------------------------------------------------------------------------------
Finished Constraint Validation : Time (s): cpu = 00:00:18 ; elapsed = 00:00:19 . Memory (MB): peak = 1261.656 ; gain = 0.000
---------------------------------------------------------------------------------
---------------------------------------------------------------------------------
Start Loading Part and Timing Information
---------------------------------------------------------------------------------
Loading part: xc7a35tcpg236-1
---------------------------------------------------------------------------------
Finished Loading Part and Timing Information : Time (s): cpu = 00:00:18 ; elapsed = 00:00:19 . Memory (MB): peak = 1261.656 ; gain = 0.000
---------------------------------------------------------------------------------
---------------------------------------------------------------------------------
Start Applying 'set_property' XDC Constraints
---------------------------------------------------------------------------------
---------------------------------------------------------------------------------
Finished applying 'set_property' XDC Constraints : Time (s): cpu = 00:00:18 ; elapsed = 00:00:19 . Memory (MB): peak = 1261.656 ; gain = 0.000
---------------------------------------------------------------------------------
INFO: [Synth 8-802] inferred FSM for state register 'currentState_reg' in module 'debounce'
---------------------------------------------------------------------------------------------------
                   State |                     New Encoding |                Previous Encoding 
---------------------------------------------------------------------------------------------------
                 iSTATE2 |                            00001 |                              000
                  iSTATE |                            00010 |                              001
                 iSTATE0 |                            00100 |                              010
                 iSTATE1 |                            01000 |                              011
                 iSTATE3 |                            10000 |                              100
*
---------------------------------------------------------------------------------------------------
INFO: [Synth 8-3354] encoded FSM with state register 'currentState_reg' using encoding 'one-hot' in module 'debounce'
---------------------------------------------------------------------------------
Finished RTL Optimization Phase 2 : Time (s): cpu = 00:00:19 ; elapsed = 00:00:19 . Memory (MB): peak = 1261.656 ; gain = 0.000
---------------------------------------------------------------------------------
---------------------------------------------------------------------------------
Start RTL Component Statistics 
---------------------------------------------------------------------------------
Detailed RTL Component Info : 
+---Adders : 
	   2 Input    6 Bit       Adders := 2     
	   2 Input    5 Bit       Adders := 2     
	   3 Input    5 Bit       Adders := 1     
+---XORs : 
	   2 Input      8 Bit         XORs := 1     
	   2 Input      1 Bit         XORs := 286   
+---Registers : 
	                6 Bit    Registers := 1     
	                5 Bit    Registers := 3     
	                4 Bit    Registers := 27    
	                1 Bit    Registers := 5     
+---Muxes : 
	   2 Input    6 Bit        Muxes := 12    
	   5 Input    5 Bit        Muxes := 5     
	   2 Input    5 Bit        Muxes := 29    
	   3 Input    5 Bit        Muxes := 1     
	   4 Input    5 Bit        Muxes := 1     
	   2 Input    4 Bit        Muxes := 63    
	   6 Input    4 Bit        Muxes := 6     
	   4 Input    4 Bit        Muxes := 10    
	   3 Input    4 Bit        Muxes := 2     
	  11 Input    4 Bit        Muxes := 1     
	   8 Input    4 Bit        Muxes := 1     
	  11 Input    3 Bit        Muxes := 1     
	   4 Input    2 Bit        Muxes := 6     
	   2 Input    1 Bit        Muxes := 59    
	   6 Input    1 Bit        Muxes := 6     
	   8 Input    1 Bit        Muxes := 1     
	  10 Input    1 Bit        Muxes := 1     
---------------------------------------------------------------------------------
Finished RTL Component Statistics 
---------------------------------------------------------------------------------
---------------------------------------------------------------------------------
Start Part Resource Summary
---------------------------------------------------------------------------------
Part Resources:
DSPs: 90 (col length:60)
BRAMs: 100 (col length: RAMB18 60 RAMB36 30)
---------------------------------------------------------------------------------
Finished Part Resource Summary
---------------------------------------------------------------------------------
---------------------------------------------------------------------------------
Start Cross Boundary and Area Optimization
---------------------------------------------------------------------------------
WARNING: [Synth 8-7080] Parallel synthesis criteria is not met
WARNING: [Synth 8-3917] design main has port SSD[7] driven by constant 1
WARNING: [Synth 8-7129] Port led[11] in module main is either unconnected or has no load
WARNING: [Synth 8-7129] Port led[10] in module main is either unconnected or has no load
---------------------------------------------------------------------------------
Finished Cross Boundary and Area Optimization : Time (s): cpu = 00:00:25 ; elapsed = 00:00:25 . Memory (MB): peak = 1261.656 ; gain = 0.000
---------------------------------------------------------------------------------
---------------------------------------------------------------------------------
Start Applying XDC Timing Constraints
---------------------------------------------------------------------------------
---------------------------------------------------------------------------------
Finished Applying XDC Timing Constraints : Time (s): cpu = 00:00:32 ; elapsed = 00:00:33 . Memory (MB): peak = 1261.656 ; gain = 0.000
---------------------------------------------------------------------------------
---------------------------------------------------------------------------------
Start Timing Optimization
---------------------------------------------------------------------------------
---------------------------------------------------------------------------------
Finished Timing Optimization : Time (s): cpu = 00:00:32 ; elapsed = 00:00:33 . Memory (MB): peak = 1261.656 ; gain = 0.000
---------------------------------------------------------------------------------
---------------------------------------------------------------------------------
Start Technology Mapping
---------------------------------------------------------------------------------
---------------------------------------------------------------------------------
Finished Technology Mapping : Time (s): cpu = 00:00:33 ; elapsed = 00:00:33 . Memory (MB): peak = 1261.656 ; gain = 0.000
---------------------------------------------------------------------------------
---------------------------------------------------------------------------------
Start IO Insertion
---------------------------------------------------------------------------------
---------------------------------------------------------------------------------
Start Flattening Before IO Insertion
---------------------------------------------------------------------------------
---------------------------------------------------------------------------------
Finished Flattening Before IO Insertion
---------------------------------------------------------------------------------
---------------------------------------------------------------------------------
Start Final Netlist Cleanup
---------------------------------------------------------------------------------
---------------------------------------------------------------------------------
Finished Final Netlist Cleanup
---------------------------------------------------------------------------------
---------------------------------------------------------------------------------
Finished IO Insertion : Time (s): cpu = 00:00:38 ; elapsed = 00:00:39 . Memory (MB): peak = 1261.656 ; gain = 0.000
---------------------------------------------------------------------------------
---------------------------------------------------------------------------------
Start Renaming Generated Instances
---------------------------------------------------------------------------------
---------------------------------------------------------------------------------
Finished Renaming Generated Instances : Time (s): cpu = 00:00:38 ; elapsed = 00:00:39 . Memory (MB): peak = 1261.656 ; gain = 0.000
---------------------------------------------------------------------------------
---------------------------------------------------------------------------------
Start Rebuilding User Hierarchy
---------------------------------------------------------------------------------
---------------------------------------------------------------------------------
Finished Rebuilding User Hierarchy : Time (s): cpu = 00:00:38 ; elapsed = 00:00:39 . Memory (MB): peak = 1261.656 ; gain = 0.000
---------------------------------------------------------------------------------
---------------------------------------------------------------------------------
Start Renaming Generated Ports
---------------------------------------------------------------------------------
---------------------------------------------------------------------------------
Finished Renaming Generated Ports : Time (s): cpu = 00:00:38 ; elapsed = 00:00:39 . Memory (MB): peak = 1261.656 ; gain = 0.000
---------------------------------------------------------------------------------
---------------------------------------------------------------------------------
Start Handling Custom Attributes
---------------------------------------------------------------------------------
---------------------------------------------------------------------------------
Finished Handling Custom Attributes : Time (s): cpu = 00:00:38 ; elapsed = 00:00:39 . Memory (MB): peak = 1261.656 ; gain = 0.000
---------------------------------------------------------------------------------
---------------------------------------------------------------------------------
Start Renaming Generated Nets
---------------------------------------------------------------------------------
---------------------------------------------------------------------------------
Finished Renaming Generated Nets : Time (s): cpu = 00:00:38 ; elapsed = 00:00:39 . Memory (MB): peak = 1261.656 ; gain = 0.000
---------------------------------------------------------------------------------
---------------------------------------------------------------------------------
Start Writing Synthesis Report
---------------------------------------------------------------------------------

Report BlackBoxes: 
+-+--------------+----------+
| |BlackBox name |Instances |
+-+--------------+----------+
+-+--------------+----------+

Report Cell Usage: 
+------+-------+------+
|      |Cell   |Count |
+------+-------+------+
|1     |BUFG   |     2|
|2     |CARRY4 |     6|
|3     |LUT1   |    11|
|4     |LUT2   |    32|
|5     |LUT3   |    10|
|6     |LUT4   |    42|
|7     |LUT5   |    63|
|8     |LUT6   |   149|
|9     |MUXF7  |     5|
|10    |FDRE   |   158|
|11    |FDSE   |    19|
|12    |IBUF   |     9|
|13    |OBUF   |    26|
|14    |OBUFT  |     2|
+------+-------+------+
---------------------------------------------------------------------------------
Finished Writing Synthesis Report : Time (s): cpu = 00:00:38 ; elapsed = 00:00:39 . Memory (MB): peak = 1261.656 ; gain = 0.000
---------------------------------------------------------------------------------
Synthesis finished with 0 errors, 0 critical warnings and 4 warnings.
Synthesis Optimization Runtime : Time (s): cpu = 00:00:26 ; elapsed = 00:00:36 . Memory (MB): peak = 1261.656 ; gain = 0.000
Synthesis Optimization Complete : Time (s): cpu = 00:00:38 ; elapsed = 00:00:39 . Memory (MB): peak = 1261.656 ; gain = 0.000
INFO: [Project 1-571] Translating synthesized netlist
Netlist sorting complete. Time (s): cpu = 00:00:00 ; elapsed = 00:00:00.006 . Memory (MB): peak = 1261.656 ; gain = 0.000
INFO: [Netlist 29-17] Analyzing 11 Unisim elements for replacement
INFO: [Netlist 29-28] Unisim Transformation completed in 0 CPU seconds
INFO: [Project 1-570] Preparing netlist for logic optimization
INFO: [Opt 31-138] Pushed 0 inverter(s) to 0 load pin(s).
Netlist sorting complete. Time (s): cpu = 00:00:00 ; elapsed = 00:00:00 . Memory (MB): peak = 1261.656 ; gain = 0.000
INFO: [Project 1-111] Unisim Transformation Summary:
No Unisim elements were transformed.

Synth Design complete, checksum: e50ae247
INFO: [Common 17-83] Releasing license: Synthesis
41 Infos, 6 Warnings, 0 Critical Warnings and 0 Errors encountered.
synth_design completed successfully
synth_design: Time (s): cpu = 00:00:43 ; elapsed = 00:00:45 . Memory (MB): peak = 1261.656 ; gain = 0.000
INFO: [Common 17-1381] The checkpoint 'C:/Users/USER/Desktop/junior2/LOGICDESIGNEXP/lab6/lab6_re/lab6_re.runs/synth_1/main.dcp' has been generated.
INFO: [runtcl-4] Executing : report_utilization -file main_utilization_synth.rpt -pb main_utilization_synth.pb
INFO: [Common 17-206] Exiting Vivado at Sat Apr  9 17:23:38 2022...
